<?xml version="1.0" encoding="UTF-8"?>
<!-- Generated by org.testng.reporters.JUnitReportReporter -->
<testsuite hostname="GURUKIRAN" failures="0" tests="2" name="pac2.orgTest" time="0.029" errors="0" timestamp="08 Mar 2025 04:42:36 GMT" skipped="0">
  <testcase classname="pac2.orgTest" name="modifyOrgtTest" time="0.003"/>
  <testcase classname="pac2.orgTest" name="createOrgTest" time="0.026"/>
</testsuite> <!-- pac2.orgTest -->
