<?xml version="1.0" encoding="UTF-8"?>
<!-- Generated by org.testng.reporters.JUnitReportReporter -->
<testsuite hostname="GURUKIRAN" failures="0" tests="1" name="pac1.Propertiesdfk" time="0.029" errors="0" timestamp="05 Mar 2025 11:06:07 GMT" skipped="0">
  <testcase classname="pac1.Propertiesdfk" name="file" time="0.029"/>
</testsuite> <!-- pac1.Propertiesdfk -->
