<?xml version="1.0" encoding="UTF-8"?>
<!-- Generated by org.testng.reporters.JUnitReportReporter -->
<testsuite hostname="GURUKIRAN" failures="0" tests="2" name="pac2.orgTest" time="0.017" errors="0" timestamp="2025-03-04T09:49:42 IST" skipped="0">
  <testcase classname="pac2.orgTest" name="modifyOrgtTest" time="0.002"/>
  <testcase classname="pac2.orgTest" name="createOrgTest" time="0.015"/>
</testsuite> <!-- pac2.orgTest -->
