<?xml version="1.0" encoding="UTF-8"?>
<!-- Generated by org.testng.reporters.JUnitReportReporter -->
<testsuite hostname="GURUKIRAN" failures="0" tests="1" name="pac1.XmldikTest" time="0.023" errors="0" timestamp="05 Mar 2025 10:31:13 GMT" skipped="0">
  <testcase classname="pac1.XmldikTest" name="clearTest" time="0.023"/>
</testsuite> <!-- pac1.XmldikTest -->
