<?xml version="1.0" encoding="UTF-8"?>
<!-- Generated by org.testng.reporters.JUnitReportReporter -->
<testsuite hostname="GURUKIRAN" failures="0" tests="2" name="pac1.ContactTest" time="0.087" errors="0" timestamp="03 Mar 2025 11:49:54 GMT" skipped="0">
  <testcase classname="pac1.ContactTest" name="createContactTest" time="0.084"/>
  <testcase classname="pac1.ContactTest" name="modifyContactTest" time="0.003"/>
</testsuite> <!-- pac1.ContactTest -->
